<?xml version="1.0" encoding="UTF-8"?>
<!-- Generated by org.testng.reporters.JUnitXMLReporter -->
<testsuite ignored="0" hostname="DESKTOP-7CHG99J" failures="0" tests="3" name="Add Products To Cart And Place Order" time="273.104" errors="0" timestamp="2025-10-18T18:22:20 IST">
  <testcase classname="AndroidTests.TC_1_addProductsToCartAndPlaceOrder" name="validationOfCartJourney" time="48.534"/>
  <testcase classname="AndroidTests.TC_1_addProductsToCartAndPlaceOrder" name="validationOfCartJourney" time="78.039"/>
  <testcase classname="AndroidTests.TC_1_addProductsToCartAndPlaceOrder" name="validationOfCartJourney" time="51.873"/>
</testsuite> <!-- Add Products To Cart And Place Order -->
